This job can be monitored from: https://job.c3se.chalmers.se/vera/7811299
Mach        = 0.1
Re          = 1600
v0          = 0.05773502691896259
Tau         = 0.5022053155816871
omega       = 1.9912174741554347
t_c         = 352.8504930699469 	 20 * t_c = 7057.009861398938
max it 7040 	 mod it 176
40.0
Estimated total runtime: 20.87 seconds
Time: 1.8399307010695338
Time: 3.189008283894509
Time: 4.538102252874523
Time: 5.887435974087566
Time: 7.23653686279431
Time: 8.58555945707485
Time: 9.934658508747816
Time: 11.283786688931286
Time: 12.632752623874694
Time: 13.981718110851943
Time: 15.330816825851798
Time: 16.67994463071227
Time: 18.02916442696005
Time: 19.37830602005124
Time: 20.727394598070532
Time: 22.076600316911936
Time: 23.42571618873626
Time: 24.774769227020442
Time: 26.12383653409779
Time: 27.47285747807473
Time: 28.82194780604914
Time: 30.17104872595519
Time: 31.519939329940826
Time: 32.869167463853955
Time: 34.218336031772196
Time: 35.567573704756796
Time: 36.91669205483049
Time: 38.265917060896754
Time: 39.614911866839975
Time: 40.96401852509007
Time: 42.31305076973513
Time: 43.662181647028774
Time: 45.0113928578794
Time: 46.36045720987022
Time: 47.70960758673027
Time: 49.05878760199994
Time: 50.40800736285746
Time: 51.75698366574943
Time: 53.10612513311207
Time: 54.45536334486678
Time: 54.455369119066745
