This job can be monitored from: https://job.c3se.chalmers.se/vera/7811312
Mach        = 0.1
Re          = 1600
v0          = 0.05773502691896259
Tau         = 0.5022053155816871
omega       = 1.9912174741554347
t_c         = 352.8504930699469 	 20 * t_c = 7057.009861398938
max it 7040 	 mod it 176
40.0
Estimated total runtime: 30.74 seconds
Time: 2.997564148157835
Time: 5.3636940461583436
Time: 7.729777951259166
Time: 10.0959132630378
Time: 12.46202659420669
Time: 14.827993566170335
Time: 17.193928954191506
Time: 19.55979693401605
Time: 21.925768060144037
Time: 24.291696079075336
Time: 26.657680039294064
Time: 29.02350394614041
Time: 31.389373598154634
Time: 33.755281384103
Time: 36.12118974328041
Time: 38.4869927642867
Time: 40.8529756530188
Time: 43.21872072620317
Time: 45.584689791314304
Time: 47.95048535335809
Time: 50.3164318962954
Time: 52.68229147931561
Time: 55.0479641770944
Time: 57.414020844269544
Time: 59.77988172695041
Time: 62.145806106273085
Time: 64.51188457431272
Time: 66.8777542123571
Time: 69.24364365916699
Time: 71.60956907924265
Time: 73.9754464100115
Time: 76.34123217733577
Time: 78.70690027996898
Time: 81.07279638107866
Time: 83.43866895325482
Time: 85.80443855607882
Time: 88.17036106390879
Time: 90.53617528406903
Time: 92.90210911398754
Time: 95.26796214515343
Time: 95.26796796126291
