This job can be monitored from: https://job.c3se.chalmers.se/vera/7787912
Mach        = 0.08660254037844385
L           = 0.41627730557884884
Re          = 100
v0          = 0.049999999999999996
Tau         = 0.52
omega       = 1.923076923076923
24.975 24.975 0.049999999999999996
max it 500 	 mod it 50
10.0
Num cells: 1000000
Estimated total runtime: 0.12 seconds
Total mass: 999998.702920171
Time: 0.3886597868986428
Total mass: 999998.7029201705
Time: 0.7331601069308817
Total mass: 999998.7029201698
Time: 1.0775902448222041
Total mass: 999998.7029201686
Time: 1.421958058141172
Total mass: 999998.7029201672
Time: 1.7904760329984128
Total mass: 999998.702920165
Time: 2.156872038729489
Total mass: 999998.7029201624
Time: 2.610814604908228
Total mass: 999998.7029201589
Time: 3.061130912974477
Total mass: 999998.7029201548
Time: 3.5121905198320746
Total mass: 999998.7029201498
Time: 3.9586413227953017
Time: 3.9586673569865525
