This job can be monitored from: https://job.c3se.chalmers.se/vera/7787924
Mach        = 0.1
Re          = 1600
v0          = 0.05773502691896259
Tau         = 0.5022053155816871
omega       = 1.9912174741554347
Q-criterion = 8.031904623282359e-07
t_c         = 352.8504930699469 	 20 * t_c = 7057.009861398938
max it 7040 	 mod it 176
40.0
Num cells: 2097152
Estimated total runtime: 0.97 seconds
Time: 3.8106834441423416
Time: 7.841421370860189
Time: 11.703075001947582
Time: 15.564678398892283
Time: 19.430999552831054
Time: 23.291618802119046
Time: 27.153772892896086
Time: 31.014626726973802
Time: 34.87492797616869
Time: 38.66813090303913
Time: 42.53276953008026
Time: 46.32807837519795
Time: 50.121205993928015
Time: 53.91517955297604
Time: 57.70917247189209
Time: 61.53644254012033
Time: 65.36508850380778
Time: 69.19345846120268
Time: 73.0173641028814
Time: 76.84397418377921
Time: 80.6689705979079
Time: 84.46465914603323
Time: 88.25822057481855
Time: 92.07067455677316
Time: 95.88321453193203
Time: 99.67871099384502
Time: 103.47333117201924
Time: 107.26808759011328
Time: 111.06437526876107
Time: 114.85851367982104
Time: 118.65432697581127
Time: 122.45127737382427
Time: 126.2459358451888
Time: 130.04222188610584
Time: 133.8383809919469
Time: 137.63429349521175
Time: 141.4302377421409
Time: 145.22562095616013
Time: 149.02266310108826
Time: 152.82016216078773
Time: 152.82017527986318
