This job can be monitored from: https://job.c3se.chalmers.se/vera/7787911
Mach        = 0.08660254037844385
L           = 0.41627730557884884
Re          = 100
v0          = 0.049999999999999996
Tau         = 0.52
omega       = 1.923076923076923
24.975 24.975 0.049999999999999996
max it 500 	 mod it 50
10.0
Num cells: 1000000
Estimated total runtime: 0.25 seconds
Total mass: 999998.702920171
Time: 1.2649187897332013
Total mass: 999998.7029201705
Time: 2.5280175167135894
Total mass: 999998.7029201698
Time: 3.79072191612795
Total mass: 999998.7029201685
Time: 5.053115759044886
Total mass: 999998.7029201671
Time: 6.315660218708217
Total mass: 999998.7029201649
Time: 7.577492984011769
Total mass: 999998.7029201624
Time: 8.838561523705721
Total mass: 999998.7029201589
Time: 10.098354043904692
Total mass: 999998.7029201549
Time: 11.358433378860354
Total mass: 999998.7029201499
Time: 12.619230797048658
Time: 12.61925382213667
