This job can be monitored from: https://job.c3se.chalmers.se/vera/7787925
Mach        = 0.1
Re          = 1600
v0          = 0.05773502691896259
Tau         = 0.5022053155816871
omega       = 1.9912174741554347
Q-criterion = 8.031904623282359e-07
t_c         = 352.8504930699469 	 20 * t_c = 7057.009861398938
max it 7040 	 mod it 176
40.0
Num cells: 2097152
Estimated total runtime: 5.80 seconds
Time: 2.111995021812618
Time: 4.089296740014106
Time: 6.066393207758665
Time: 8.042374155949801
Time: 10.018699201755226
Time: 11.994481429923326
Time: 13.97259156499058
Time: 15.94854050502181
Time: 17.926088182721287
Time: 19.902517335955054
Time: 21.878681790083647
Time: 23.854814164806157
Time: 25.832355604041368
Time: 27.808022859040648
Time: 29.784696220885962
Time: 31.75987893110141
Time: 33.73672494897619
Time: 35.712443166878074
Time: 37.68919917009771
Time: 39.664797205943614
Time: 41.64129866473377
Time: 43.616396015975624
Time: 45.592916113790125
Time: 47.568664035759866
Time: 49.54521057289094
Time: 51.52108265273273
Time: 53.49589398317039
Time: 55.470639363862574
Time: 57.44873845111579
Time: 59.425899534951895
Time: 61.42305157193914
Time: 63.40076303482056
Time: 65.37677976302803
Time: 67.35197720490396
Time: 69.3263315167278
Time: 71.30074317380786
Time: 73.27548731397837
Time: 75.251775840763
Time: 77.22639302909374
Time: 79.2041574921459
Time: 79.20417106198147
