This job can be monitored from: https://job.c3se.chalmers.se/vera/7787920
Mach        = 0.08660254037844385
L           = 0.41627730557884884
Re          = 100
v0          = 0.049999999999999996
Tau         = 0.52
omega       = 1.923076923076923
24.975 24.975 0.049999999999999996
max it 500 	 mod it 50
10.0
Num cells: 1000000
Estimated total runtime: 3.64 seconds
Total mass: 999998.702920171
Time: 0.5713001270778477
Total mass: 999998.7029201705
Time: 0.7803836669772863
Total mass: 999998.7029201698
Time: 0.9894811678677797
Total mass: 999998.7029201686
Time: 1.1986628458835185
Total mass: 999998.7029201672
Time: 1.407838644925505
Total mass: 999998.702920165
Time: 1.6171949850395322
Total mass: 999998.7029201624
Time: 1.8266505040228367
Total mass: 999998.7029201589
Time: 2.036160564981401
Total mass: 999998.7029201547
Time: 2.245658816769719
Total mass: 999998.7029201499
Time: 2.45500324992463
Time: 2.4550271248444915
